<?xml version="1.0" encoding="UTF-8"?>
<testsuite xmlns:xsi="http://www.w3.org/2001/XMLSchema-instance" xsi:noNamespaceSchemaLocation="https://maven.apache.org/surefire/maven-surefire-plugin/xsd/surefire-test-report-3.0.xsd" version="3.0" name="com.enviro.assessment.grad001.MasanaBaloyi.MasanaBaloyiApplicationTests" time="8.131" tests="1" errors="0" skipped="0" failures="0">
  <properties>
[...]
</properties>
  <testcase name="contextLoads" classname="com.enviro.assessment.grad001.MasanaBaloyi.MasanaBaloyiApplicationTests" time="1.21">
    <system-out><![CDATA[18:22:49.580 [main] INFO org.springframework.test.context.support.AnnotationConfigContextLoaderUtils -- Could not detect default configuration classes for test class [com.enviro.assessment.grad001.MasanaBaloyi.MasanaBaloyiApplicationTests]: MasanaBaloyiApplicationTests does not declare any static, non-private, non-final, nested classes annotated with @Configuration.
18:22:49.753 [main] INFO org.springframework.boot.test.context.SpringBootTestContextBootstrapper -- Found @SpringBootConfiguration com.enviro.assessment.grad001.MasanaBaloyi.MasanaBaloyiApplication for test class com.enviro.assessment.grad001.MasanaBaloyi.MasanaBaloyiApplicationTests

  .   ____          _            __ _ _
 /\\ / ___'_ __ _ _(_)_ __  __ _ \ \ \ \
( ( )\___ | '_ | '_| | '_ \/ _` | \ \ \ \
 \\/  ___)| |_)| | | | | || (_| |  ) ) ) )
  '  |____| .__|_| |_|_| |_\__, | / / / /
 =========|_|==============|___/=/_/_/_/

 :: Spring Boot ::                (v3.4.2)

2025-02-09T18:22:50.649+02:00  INFO 20976 --- [           main] c.e.a.g.M.MasanaBaloyiApplicationTests   : Starting MasanaBaloyiApplicationTests using Java 22.0.1 with PID 20976 (started by Sibulele in C:\Users\shabier\Desktop\MasanaBaloyi\MasanaBaloyi\GladBaloyi)
2025-02-09T18:22:50.653+02:00  INFO 20976 --- [           main] c.e.a.g.M.MasanaBaloyiApplicationTests   : No active profile set, falling back to 1 default profile: "default"
2025-02-09T18:22:52.086+02:00  INFO 20976 --- [           main] .s.d.r.c.RepositoryConfigurationDelegate : Bootstrapping Spring Data JPA repositories in DEFAULT mode.
2025-02-09T18:22:52.197+02:00  INFO 20976 --- [           main] .s.d.r.c.RepositoryConfigurationDelegate : Finished Spring Data repository scanning in 99 ms. Found 4 JPA repository interfaces.
2025-02-09T18:22:52.881+02:00  INFO 20976 --- [           main] o.hibernate.jpa.internal.util.LogHelper  : HHH000204: Processing PersistenceUnitInfo [name: default]
2025-02-09T18:22:52.977+02:00  INFO 20976 --- [           main] org.hibernate.Version                    : HHH000412: Hibernate ORM core version 6.6.5.Final
2025-02-09T18:22:53.027+02:00  INFO 20976 --- [           main] o.h.c.internal.RegionFactoryInitiator    : HHH000026: Second-level cache disabled
2025-02-09T18:22:53.427+02:00  INFO 20976 --- [           main] o.s.o.j.p.SpringPersistenceUnitInfo      : No LoadTimeWeaver setup: ignoring JPA class transformer
2025-02-09T18:22:53.478+02:00  INFO 20976 --- [           main] com.zaxxer.hikari.HikariDataSource       : HikariPool-1 - Starting...
2025-02-09T18:22:53.741+02:00  INFO 20976 --- [           main] com.zaxxer.hikari.pool.HikariPool        : HikariPool-1 - Added connection conn0: url=jdbc:h2:mem:testdb user=SA
2025-02-09T18:22:53.747+02:00  INFO 20976 --- [           main] com.zaxxer.hikari.HikariDataSource       : HikariPool-1 - Start completed.
2025-02-09T18:22:53.783+02:00  WARN 20976 --- [           main] org.hibernate.orm.deprecation            : HHH90000025: H2Dialect does not need to be specified explicitly using 'hibernate.dialect' (remove the property setting and it will be selected by default)
2025-02-09T18:22:53.810+02:00  INFO 20976 --- [           main] org.hibernate.orm.connections.pooling    : HHH10001005: Database info:
	Database JDBC URL [Connecting through datasource 'HikariDataSource (HikariPool-1)']
	Database driver: undefined/unknown
	Database version: 2.3.232
	Autocommit mode: undefined/unknown
	Isolation level: undefined/unknown
	Minimum pool size: undefined/unknown
	Maximum pool size: undefined/unknown
Hibernate: create global temporary table HTE_guideline(id integer, rn_ integer not null, guideline_message varchar(255), primary key (rn_)) TRANSACTIONAL
Hibernate: create global temporary table HTE_non_recyclable_waste(guideline_id integer, id integer, rn_ integer not null, primary key (rn_)) TRANSACTIONAL
Hibernate: create global temporary table HTE_recycling_tips(id integer, rn_ integer not null, tip varchar(255), primary key (rn_)) TRANSACTIONAL
Hibernate: create global temporary table HTE_recyclable_waste(guideline_id integer, id integer, recycling_tips_id integer, rn_ integer not null, category varchar(255), primary key (rn_)) TRANSACTIONAL
2025-02-09T18:22:54.857+02:00  INFO 20976 --- [           main] o.h.e.t.j.p.i.JtaPlatformInitiator       : HHH000489: No JTA platform available (set 'hibernate.transaction.jta.platform' to enable JTA platform integration)
Hibernate: create table guideline (id integer not null, guideline_message varchar(255), primary key (id))
Hibernate: create table non_recyclable_waste (id integer not null, guideline_id integer not null, primary key (id))
Hibernate: create table recyclable_waste (id integer not null, category varchar(255), guideline_id integer not null, recycling_tips_id integer not null, primary key (id))
Hibernate: create table recycling_tips (id integer not null, tip varchar(255), primary key (id))
Hibernate: create sequence guideline_seq start with 1 increment by 50
Hibernate: create sequence non_recyclable_waste_seq start with 1 increment by 50
Hibernate: create sequence recyclable_waste_seq start with 1 increment by 50
Hibernate: create sequence recycling_tips_seq start with 1 increment by 50
2025-02-09T18:22:54.895+02:00  INFO 20976 --- [           main] j.LocalContainerEntityManagerFactoryBean : Initialized JPA EntityManagerFactory for persistence unit 'default'
2025-02-09T18:22:55.531+02:00  WARN 20976 --- [           main] JpaBaseConfiguration$JpaWebConfiguration : spring.jpa.open-in-view is enabled by default. Therefore, database queries may be performed during view rendering. Explicitly configure spring.jpa.open-in-view to disable this warning
2025-02-09T18:22:56.058+02:00  INFO 20976 --- [           main] o.s.b.a.h2.H2ConsoleAutoConfiguration    : H2 console available at '/h2-console'. Database available at 'jdbc:h2:mem:testdb'
2025-02-09T18:22:56.184+02:00  INFO 20976 --- [           main] c.e.a.g.M.MasanaBaloyiApplicationTests   : Started MasanaBaloyiApplicationTests in 6.227 seconds (process running for 7.609)
]]></system-out>
    <system-err><![CDATA[Mockito is currently self-attaching to enable the inline-mock-maker. This will no longer work in future releases of the JDK. Please add Mockito as an agent to your build what is described in Mockito's documentation: https://javadoc.io/doc/org.mockito/mockito-core/latest/org/mockito/Mockito.html#0.3
WARNING: A Java agent has been loaded dynamically (C:\Users\shabier\.m2\repository\net\bytebuddy\byte-buddy-agent\1.15.11\byte-buddy-agent-1.15.11.jar)
WARNING: If a serviceability tool is in use, please run with -XX:+EnableDynamicAgentLoading to hide this warning
WARNING: If a serviceability tool is not in use, please run with -Djdk.instrument.traceUsage for more information
WARNING: Dynamic loading of agents will be disallowed by default in a future release
]]></system-err>
  </testcase>
</testsuite>